2006.04.18 13:25 B D:\Serviços\Lojas\info\produtos\atualiza.gif <-- Casa da Info /httpdocs/info/produtos atualiza.gif
2006.04.18 13:26 B D:\Serviços\Lojas\info\produtos\g_%5B03-7283%5DApollyon_Impact.jpg <-- Casa da Info /httpdocs/info/produtos g_%5B03-7283%5DApollyon_Impact.jpg
2006.04.18 13:26 B D:\Serviços\Lojas\info\produtos\g_510n_frontal_m.jpg <-- Casa da Info /httpdocs/info/produtos g_510n_frontal_m.jpg
2006.04.18 13:26 B D:\Serviços\Lojas\info\produtos\g_DSL-500T.jpg <-- Casa da Info /httpdocs/info/produtos g_DSL-500T.jpg
2006.04.18 13:26 B D:\Serviços\Lojas\info\produtos\g_g_g_pocketcam3mbg.gif <-- Casa da Info /httpdocs/info/produtos g_g_g_pocketcam3mbg.gif
2006.04.18 13:26 B D:\Serviços\Lojas\info\produtos\g_g_imp_dj3420.jpg <-- Casa da Info /httpdocs/info/produtos g_g_imp_dj3420.jpg
2006.04.18 13:26 B D:\Serviços\Lojas\info\produtos\g_g_micro_oz.jpg <-- Casa da Info /httpdocs/info/produtos g_g_micro_oz.jpg
2006.04.18 13:26 B D:\Serviços\Lojas\info\produtos\g_g_micro_presario.jpg <-- Casa da Info /httpdocs/info/produtos g_g_micro_presario.jpg
2006.04.18 13:26 B D:\Serviços\Lojas\info\produtos\g_g_pocketcam3mbg.gif <-- Casa da Info /httpdocs/info/produtos g_g_pocketcam3mbg.gif
2006.04.18 13:26 B D:\Serviços\Lojas\info\produtos\g_MEMORIA256.jpg <-- Casa da Info /httpdocs/info/produtos g_MEMORIA256.jpg
2006.04.18 13:26 B D:\Serviços\Lojas\info\produtos\g_monitor17samsung713N.jpg <-- Casa da Info /httpdocs/info/produtos g_monitor17samsung713N.jpg
2006.04.18 13:26 B D:\Serviços\Lojas\info\produtos\g_MONITOR500G.jpg <-- Casa da Info /httpdocs/info/produtos g_MONITOR500G.jpg
2006.04.18 13:26 B D:\Serviços\Lojas\info\produtos\g_MONITOR_5g_slk.jpg <-- Casa da Info /httpdocs/info/produtos g_MONITOR_5g_slk.jpg
2006.04.18 13:26 B D:\Serviços\Lojas\info\produtos\g_monitor_philips_107s.jpg <-- Casa da Info /httpdocs/info/produtos g_monitor_philips_107s.jpg
2006.04.18 13:26 B D:\Serviços\Lojas\info\produtos\g_mousespeedbranco <-- Casa da Info /httpdocs/info/produtos g_mousespeedbranco
2006.04.18 13:27 B D:\Serviços\Lojas\info\produtos\g_mousespeedbranco_resize.jpg <-- Casa da Info /httpdocs/info/produtos g_mousespeedbranco_resize.jpg
2006.04.18 13:27 B D:\Serviços\Lojas\info\produtos\g_mousespeedbrancopeq <-- Casa da Info /httpdocs/info/produtos g_mousespeedbrancopeq
2006.04.18 13:27 B D:\Serviços\Lojas\info\produtos\g_mousespeedbrancopeq.jpg_resize.jpg <-- Casa da Info /httpdocs/info/produtos g_mousespeedbrancopeq.jpg_resize.jpg
2006.04.18 13:27 B D:\Serviços\Lojas\info\produtos\g_p_ipaq.gif <-- Casa da Info /httpdocs/info/produtos g_p_ipaq.gif
2006.04.18 13:27 B D:\Serviços\Lojas\info\produtos\g_pl40_sp411n_p.gif <-- Casa da Info /httpdocs/info/produtos g_pl40_sp411n_p.gif
2006.04.18 13:27 B D:\Serviços\Lojas\info\produtos\g_sp0802n_m.jpg <-- Casa da Info /httpdocs/info/produtos g_sp0802n_m.jpg
2006.04.18 13:27 B D:\Serviços\Lojas\info\produtos\img_nao_disp.gif <-- Casa da Info /httpdocs/info/produtos img_nao_disp.gif
2006.04.18 13:27 B D:\Serviços\Lojas\info\produtos\p_%5B03-7283%5DApollyon_Impact.jpg <-- Casa da Info /httpdocs/info/produtos p_%5B03-7283%5DApollyon_Impact.jpg
2006.04.18 13:27 B D:\Serviços\Lojas\info\produtos\p_510n_frontal_m_resize.jpg <-- Casa da Info /httpdocs/info/produtos p_510n_frontal_m_resize.jpg
2006.04.18 13:27 B D:\Serviços\Lojas\info\produtos\p_DSL-500T.jpg <-- Casa da Info /httpdocs/info/produtos p_DSL-500T.jpg
2006.04.18 13:27 B D:\Serviços\Lojas\info\produtos\p_MEMORIA256.jpg <-- Casa da Info /httpdocs/info/produtos p_MEMORIA256.jpg
2006.04.18 13:28 B D:\Serviços\Lojas\info\produtos\p_monitor17samsung713N_resize.jpg <-- Casa da Info /httpdocs/info/produtos p_monitor17samsung713N_resize.jpg
2006.04.18 13:28 B D:\Serviços\Lojas\info\produtos\p_MONITOR500GPEQ.bmp <-- Casa da Info /httpdocs/info/produtos p_MONITOR500GPEQ.bmp
2006.04.18 13:28 B D:\Serviços\Lojas\info\produtos\p_MONITOR_5g_slkpeq.jpg <-- Casa da Info /httpdocs/info/produtos p_MONITOR_5g_slkpeq.jpg
2006.04.18 13:28 B D:\Serviços\Lojas\info\produtos\p_monitor_philips_107s.gif <-- Casa da Info /httpdocs/info/produtos p_monitor_philips_107s.gif
2006.04.18 13:28 B D:\Serviços\Lojas\info\produtos\p_mousespeedbranco <-- Casa da Info /httpdocs/info/produtos p_mousespeedbranco
2006.04.18 13:28 B D:\Serviços\Lojas\info\produtos\p_mousespeedbranco_resize.jpg <-- Casa da Info /httpdocs/info/produtos p_mousespeedbranco_resize.jpg
2006.04.18 13:28 B D:\Serviços\Lojas\info\produtos\p_mousespeedbrancopeq <-- Casa da Info /httpdocs/info/produtos p_mousespeedbrancopeq
2006.04.18 13:28 B D:\Serviços\Lojas\info\produtos\p_mousespeedbrancopeq.jpg <-- Casa da Info /httpdocs/info/produtos p_mousespeedbrancopeq.jpg
2006.04.18 13:28 B D:\Serviços\Lojas\info\produtos\p_mousespeedbrancopeq.jpg_resize.jpg <-- Casa da Info /httpdocs/info/produtos p_mousespeedbrancopeq.jpg_resize.jpg
2006.04.18 13:28 B D:\Serviços\Lojas\info\produtos\p_p_imp_dj3420.gif <-- Casa da Info /httpdocs/info/produtos p_p_imp_dj3420.gif
2006.04.18 13:28 B D:\Serviços\Lojas\info\produtos\p_p_micro_oz.gif <-- Casa da Info /httpdocs/info/produtos p_p_micro_oz.gif
2006.04.18 13:28 B D:\Serviços\Lojas\info\produtos\p_p_micro_presario.gif <-- Casa da Info /httpdocs/info/produtos p_p_micro_presario.gif
2006.04.18 13:28 B D:\Serviços\Lojas\info\produtos\p_p_p_p_play.gif <-- Casa da Info /httpdocs/info/produtos p_p_p_p_play.gif
2006.04.18 13:28 B D:\Serviços\Lojas\info\produtos\p_p_p_pocketcam3mbp.gif <-- Casa da Info /httpdocs/info/produtos p_p_p_pocketcam3mbp.gif
2006.04.18 13:28 B D:\Serviços\Lojas\info\produtos\p_p_pocketcam3mbp.gif <-- Casa da Info /httpdocs/info/produtos p_p_pocketcam3mbp.gif
2006.04.18 13:28 B D:\Serviços\Lojas\info\produtos\p_pl40_sp411n_mG.jpg <-- Casa da Info /httpdocs/info/produtos p_pl40_sp411n_mG.jpg
2006.04.18 13:28 B D:\Serviços\Lojas\info\produtos\p_pl40_sp411n_p.gif <-- Casa da Info /httpdocs/info/produtos p_pl40_sp411n_p.gif
2006.04.18 13:28 B D:\Serviços\Lojas\info\produtos\p_sp1203n_p.gif <-- Casa da Info /httpdocs/info/produtos p_sp1203n_p.gif
