2006.04.18 12:45 B D:\Serviços\Lojas\info\adm_imagens\1.gif <-- Casa da Info /httpdocs/info/adm_imagens 1.gif
2006.04.18 12:45 B D:\Serviços\Lojas\info\adm_imagens\2.gif <-- Casa da Info /httpdocs/info/adm_imagens 2.gif
2006.04.18 12:45 B D:\Serviços\Lojas\info\adm_imagens\3.gif <-- Casa da Info /httpdocs/info/adm_imagens 3.gif
2006.04.18 12:45 B D:\Serviços\Lojas\info\adm_imagens\4.gif <-- Casa da Info /httpdocs/info/adm_imagens 4.gif
2006.04.18 12:46 B D:\Serviços\Lojas\info\adm_imagens\acs.gif <-- Casa da Info /httpdocs/info/adm_imagens acs.gif
2006.04.18 12:46 B D:\Serviços\Lojas\info\adm_imagens\adm.gif <-- Casa da Info /httpdocs/info/adm_imagens adm.gif
2006.04.18 12:46 B D:\Serviços\Lojas\info\adm_imagens\b.gif <-- Casa da Info /httpdocs/info/adm_imagens b.gif
2006.04.18 12:46 B D:\Serviços\Lojas\info\adm_imagens\btn_editar_adm.gif <-- Casa da Info /httpdocs/info/adm_imagens btn_editar_adm.gif
2006.04.18 12:46 B D:\Serviços\Lojas\info\adm_imagens\btn_excluir.gif <-- Casa da Info /httpdocs/info/adm_imagens btn_excluir.gif
2006.04.18 12:46 B D:\Serviços\Lojas\info\adm_imagens\centraliza.gif <-- Casa da Info /httpdocs/info/adm_imagens centraliza.gif
2006.04.18 12:46 B D:\Serviços\Lojas\info\adm_imagens\centralizar.gif <-- Casa da Info /httpdocs/info/adm_imagens centralizar.gif
2006.04.18 12:46 B D:\Serviços\Lojas\info\adm_imagens\cli.gif <-- Casa da Info /httpdocs/info/adm_imagens cli.gif
2006.04.18 12:46 B D:\Serviços\Lojas\info\adm_imagens\cli_g.gif <-- Casa da Info /httpdocs/info/adm_imagens cli_g.gif
2006.04.18 12:46 B D:\Serviços\Lojas\info\adm_imagens\clock.gif <-- Casa da Info /httpdocs/info/adm_imagens clock.gif
2006.04.18 12:46 B D:\Serviços\Lojas\info\adm_imagens\comentario.gif <-- Casa da Info /httpdocs/info/adm_imagens comentario.gif
2006.04.18 12:46 B D:\Serviços\Lojas\info\adm_imagens\comp.gif <-- Casa da Info /httpdocs/info/adm_imagens comp.gif
2006.04.18 12:46 B D:\Serviços\Lojas\info\adm_imagens\comp_g.gif <-- Casa da Info /httpdocs/info/adm_imagens comp_g.gif
2006.04.18 12:46 B D:\Serviços\Lojas\info\adm_imagens\conf.gif <-- Casa da Info /httpdocs/info/adm_imagens conf.gif
2006.04.18 12:46 B D:\Serviços\Lojas\info\adm_imagens\conf_g.gif <-- Casa da Info /httpdocs/info/adm_imagens conf_g.gif
2006.04.18 12:46 B D:\Serviços\Lojas\info\adm_imagens\data.gif <-- Casa da Info /httpdocs/info/adm_imagens data.gif
2006.04.18 12:46 B D:\Serviços\Lojas\info\adm_imagens\dep.gif <-- Casa da Info /httpdocs/info/adm_imagens dep.gif
2006.04.18 12:46 B D:\Serviços\Lojas\info\adm_imagens\dep_g.gif <-- Casa da Info /httpdocs/info/adm_imagens dep_g.gif
2006.04.18 12:46 B D:\Serviços\Lojas\info\adm_imagens\direita.gif <-- Casa da Info /httpdocs/info/adm_imagens direita.gif
2006.04.18 12:46 B D:\Serviços\Lojas\info\adm_imagens\email.gif <-- Casa da Info /httpdocs/info/adm_imagens email.gif
2006.04.18 12:46 B D:\Serviços\Lojas\info\adm_imagens\esquerda.gif <-- Casa da Info /httpdocs/info/adm_imagens esquerda.gif
2006.04.18 12:46 B D:\Serviços\Lojas\info\adm_imagens\exclui_admin.gif <-- Casa da Info /httpdocs/info/adm_imagens exclui_admin.gif
2006.04.18 12:46 B D:\Serviços\Lojas\info\adm_imagens\file.gif <-- Casa da Info /httpdocs/info/adm_imagens file.gif
2006.04.18 12:46 B D:\Serviços\Lojas\info\adm_imagens\file_editable.gif <-- Casa da Info /httpdocs/info/adm_imagens file_editable.gif
2006.04.18 12:46 B D:\Serviços\Lojas\info\adm_imagens\file_viewable.gif <-- Casa da Info /httpdocs/info/adm_imagens file_viewable.gif
2006.04.18 12:46 B D:\Serviços\Lojas\info\adm_imagens\flechav.gif <-- Casa da Info /httpdocs/info/adm_imagens flechav.gif
2006.04.18 12:46 B D:\Serviços\Lojas\info\adm_imagens\folder.gif <-- Casa da Info /httpdocs/info/adm_imagens folder.gif
2006.04.18 12:46 B D:\Serviços\Lojas\info\adm_imagens\folder_open_big.gif <-- Casa da Info /httpdocs/info/adm_imagens folder_open_big.gif
2006.04.18 12:46 B D:\Serviços\Lojas\info\adm_imagens\folder_up.gif <-- Casa da Info /httpdocs/info/adm_imagens folder_up.gif
2006.04.18 12:46 B D:\Serviços\Lojas\info\adm_imagens\icon_duvida.gif <-- Casa da Info /httpdocs/info/adm_imagens icon_duvida.gif
2006.04.18 12:46 B D:\Serviços\Lojas\info\adm_imagens\imagem.gif <-- Casa da Info /httpdocs/info/adm_imagens imagem.gif
2006.04.18 12:46 B D:\Serviços\Lojas\info\adm_imagens\img_cartao_credito_brasil.gif <-- Casa da Info /httpdocs/info/adm_imagens img_cartao_credito_brasil.gif
2006.04.18 12:47 B D:\Serviços\Lojas\info\adm_imagens\img_cartao_credito_eua.gif <-- Casa da Info /httpdocs/info/adm_imagens img_cartao_credito_eua.gif
2006.04.18 12:47 B D:\Serviços\Lojas\info\adm_imagens\inserir_admin.gif <-- Casa da Info /httpdocs/info/adm_imagens inserir_admin.gif
2006.04.18 12:47 B D:\Serviços\Lojas\info\adm_imagens\italico.gif <-- Casa da Info /httpdocs/info/adm_imagens italico.gif
2006.04.18 12:47 B D:\Serviços\Lojas\info\adm_imagens\justificado.gif <-- Casa da Info /httpdocs/info/adm_imagens justificado.gif
2006.04.18 12:47 B D:\Serviços\Lojas\info\adm_imagens\linha.gif <-- Casa da Info /httpdocs/info/adm_imagens linha.gif
2006.04.18 12:47 B D:\Serviços\Lojas\info\adm_imagens\link.gif <-- Casa da Info /httpdocs/info/adm_imagens link.gif
2006.04.18 12:47 B D:\Serviços\Lojas\info\adm_imagens\lista.gif <-- Casa da Info /httpdocs/info/adm_imagens lista.gif
2006.04.18 12:47 B D:\Serviços\Lojas\info\adm_imagens\logo-bradesco.jpg <-- Casa da Info /httpdocs/info/adm_imagens logo-bradesco.jpg
2006.04.18 12:47 B D:\Serviços\Lojas\info\adm_imagens\logo-itau.jpg <-- Casa da Info /httpdocs/info/adm_imagens logo-itau.jpg
2006.04.18 12:47 B D:\Serviços\Lojas\info\adm_imagens\logo.gif <-- Casa da Info /httpdocs/info/adm_imagens logo.gif
2006.04.18 12:47 B D:\Serviços\Lojas\info\adm_imagens\logo3332.gif <-- Casa da Info /httpdocs/info/adm_imagens logo3332.gif
2006.04.18 12:47 B D:\Serviços\Lojas\info\adm_imagens\logo_bb.gif <-- Casa da Info /httpdocs/info/adm_imagens logo_bb.gif
2006.04.18 12:47 B D:\Serviços\Lojas\info\adm_imagens\logo_hsbc.gif <-- Casa da Info /httpdocs/info/adm_imagens logo_hsbc.gif
2006.04.18 12:47 B D:\Serviços\Lojas\info\adm_imagens\logo_vso.gif <-- Casa da Info /httpdocs/info/adm_imagens logo_vso.gif
2006.04.18 12:47 B D:\Serviços\Lojas\info\adm_imagens\mao.gif <-- Casa da Info /httpdocs/info/adm_imagens mao.gif
2006.04.18 12:47 B D:\Serviços\Lojas\info\adm_imagens\negrito.gif <-- Casa da Info /httpdocs/info/adm_imagens negrito.gif
2006.04.18 12:47 B D:\Serviços\Lojas\info\adm_imagens\news.gif <-- Casa da Info /httpdocs/info/adm_imagens news.gif
2006.04.18 12:47 B D:\Serviços\Lojas\info\adm_imagens\news_g.gif <-- Casa da Info /httpdocs/info/adm_imagens news_g.gif
2006.04.18 12:47 B D:\Serviços\Lojas\info\adm_imagens\p.gif <-- Casa da Info /httpdocs/info/adm_imagens p.gif
2006.04.18 12:47 B D:\Serviços\Lojas\info\adm_imagens\prod.gif <-- Casa da Info /httpdocs/info/adm_imagens prod.gif
2006.04.18 12:47 B D:\Serviços\Lojas\info\adm_imagens\prod_g.gif <-- Casa da Info /httpdocs/info/adm_imagens prod_g.gif
2006.04.18 12:47 B D:\Serviços\Lojas\info\adm_imagens\senha_admin.gif <-- Casa da Info /httpdocs/info/adm_imagens senha_admin.gif
2006.04.18 12:47 B D:\Serviços\Lojas\info\adm_imagens\seta.gif <-- Casa da Info /httpdocs/info/adm_imagens seta.gif
2006.04.18 12:47 B D:\Serviços\Lojas\info\adm_imagens\sisors.gif <-- Casa da Info /httpdocs/info/adm_imagens sisors.gif
2006.04.18 12:47 B D:\Serviços\Lojas\info\adm_imagens\ssl.gif <-- Casa da Info /httpdocs/info/adm_imagens ssl.gif
2006.04.18 12:47 B D:\Serviços\Lojas\info\adm_imagens\status_atendimento.gif <-- Casa da Info /httpdocs/info/adm_imagens status_atendimento.gif
2006.04.18 12:47 B D:\Serviços\Lojas\info\adm_imagens\sublinhado.gif <-- Casa da Info /httpdocs/info/adm_imagens sublinhado.gif
2006.04.18 12:47 B D:\Serviços\Lojas\info\adm_imagens\supor.gif <-- Casa da Info /httpdocs/info/adm_imagens supor.gif
2006.04.18 12:47 B D:\Serviços\Lojas\info\adm_imagens\xis.gif <-- Casa da Info /httpdocs/info/adm_imagens xis.gif
